
> event-management@0.1.0 build
> next build

▲ Next.js 16.1.6 (Turbopack)
- Environments: .env.local

⚠ The "middleware" file convention is deprecated. Please use "proxy" instead. Learn more: https://nextjs.org/docs/messages/middleware-to-proxy
  Creating an optimized production build ...
✓ Compiled successfully in 10.8s
  Running TypeScript ...
  Collecting page data using 7 workers ...
  Generating static pages using 7 workers (0/18) ...
  Generating static pages using 7 workers (4/18) 
  Generating static pages using 7 workers (8/18) 
  Generating static pages using 7 workers (13/18) 
✓ Generating static pages using 7 workers (18/18) in 279.7ms
  Finalizing page optimization ...

Route (app)
┌ ○ /
├ ○ /_not-found
├ ƒ /admin
├ ƒ /admin/checkin
├ ƒ /admin/events
├ ƒ /admin/groups
├ ƒ /admin/quick-create
├ ƒ /admin/users
├ ƒ /api/approve-registration
├ ƒ /api/events
├ ƒ /api/events/[id]
├ ƒ /api/events/active
├ ƒ /api/fix-db
├ ƒ /api/reject-registration
├ ƒ /api/seed
├ ○ /login
├ ○ /register
├ ○ /setup-account
└ ƒ /user


ƒ Proxy (Middleware)

○  (Static)   prerendered as static content
ƒ  (Dynamic)  server-rendered on demand

